root@hermantest:/var/www/gestor-financeiro# cd /var/www/gestor-financeiro
git reset --hard HEAD
git pull origin main
rm -rf node_modules dist
npm install
npm run build
sudo systemctl restart gestor-financeiro
sleep 3
sudo journalctl -u gestor-financeiro -n 15
fatal: detected dubious ownership in repository at '/var/www/gestor-financeiro'
To add an exception for this directory, call:

        git config --global --add safe.directory /var/www/gestor-financeiro
fatal: detected dubious ownership in repository at '/var/www/gestor-financeiro'
To add an exception for this directory, call:

        git config --global --add safe.directory /var/www/gestor-financeiro
npm warn deprecated node-domexception@1.0.0: Use your platform's native DOMException instead

added 436 packages, and audited 437 packages in 6s

78 packages are looking for funding
  run `npm fund` for details

5 vulnerabilities (3 moderate, 2 high)

To address all issues (including breaking changes), run:
  npm audit fix --force

Run `npm audit` for details.

> gestor-financeiro-familiar@1.0.3 build
> vite build

vite v5.4.21 building for production...
✓ 2599 modules transformed.
dist/index.html                              6.72 kB │ gzip:   2.29 kB
dist/assets/purify.es-C_uT9hQ1.js           21.98 kB │ gzip:   8.74 kB
dist/assets/index.es-BZ6VLLcb.js           150.44 kB │ gzip:  51.42 kB
dist/assets/html2canvas.esm-CBrSDip1.js    201.42 kB │ gzip:  48.03 kB
dist/assets/index-gNboUCbz.js            1,427.88 kB │ gzip: 382.94 kB

(!) Some chunks are larger than 500 kB after minification. Consider:
- Using dynamic import() to code-split the application
- Use build.rollupOptions.output.manualChunks to improve chunking: https://rollupjs.org/configuration-options/#output-manualchunks
- Adjust chunk size limit for this warning via build.chunkSizeWarningLimit.
✓ built in 7.94s
Nov 27 15:27:24 hermantest npm[12554]:     at name (/var/www/gestor-financeiro/node_modules/path-to-regexp/src/index.ts>
Nov 27 15:27:24 hermantest npm[12554]:     at parse (/var/www/gestor-financeiro/node_modules/path-to-regexp/src/index.t>
Nov 27 15:27:24 hermantest npm[12554]:     at pathToRegexp (/var/www/gestor-financeiro/node_modules/path-to-regexp/src/>
Nov 27 15:27:24 hermantest npm[12554]:     at Object.match (/var/www/gestor-financeiro/node_modules/path-to-regexp/src/>
Nov 27 15:27:24 hermantest npm[12554]:     at matcher (/var/www/gestor-financeiro/node_modules/router/lib/layer.js:86:2>
Nov 27 15:27:24 hermantest npm[12554]:     at new Layer (/var/www/gestor-financeiro/node_modules/router/lib/layer.js:93>
Nov 27 15:27:24 hermantest npm[12554]:     at Function.route (/var/www/gestor-financeiro/node_modules/router/index.js:4>
Nov 27 15:27:24 hermantest npm[12554]:     at Function.route (/var/www/gestor-financeiro/node_modules/express/lib/appli>
Nov 27 15:27:24 hermantest npm[12554]:     at app.<computed> [as get] (/var/www/gestor-financeiro/node_modules/express/>
Nov 27 15:27:24 hermantest npm[12554]:     at <anonymous> (/var/www/gestor-financeiro/server/index.ts:50:7) {
Nov 27 15:27:24 hermantest npm[12554]:   originalPath: '/*'
Nov 27 15:27:24 hermantest npm[12554]: }
Nov 27 15:27:24 hermantest npm[12554]: Node.js v20.19.6
Nov 27 15:27:24 hermantest systemd[1]: gestor-financeiro.service: Main process exited, code=exited, status=1/FAILURE
Nov 27 15:27:24 hermantest systemd[1]: gestor-financeiro.service: Failed with result 'exit-code'.
lines 1-15/15 (END)
root@hermantest:/var/www/gestor-financeiro# cd /var/www/gestor-financeiro
git reset --hard HEAD
git pull origin main
npm run build
sudo systemctl restart gestor-financeiro
sleep 2
sudo journalctl -u gestor-financeiro -n 20
fatal: detected dubious ownership in repository at '/var/www/gestor-financeiro'
To add an exception for this directory, call:

        git config --global --add safe.directory /var/www/gestor-financeiro
fatal: detected dubious ownership in repository at '/var/www/gestor-financeiro'
To add an exception for this directory, call:

        git config --global --add safe.directory /var/www/gestor-financeiro

> gestor-financeiro-familiar@1.0.3 build
> vite build

vite v5.4.21 building for production...
✓ 2599 modules transformed.
dist/index.html                              6.72 kB │ gzip:   2.29 kB
dist/assets/purify.es-C_uT9hQ1.js           21.98 kB │ gzip:   8.74 kB
dist/assets/index.es-BZ6VLLcb.js           150.44 kB │ gzip:  51.42 kB
dist/assets/html2canvas.esm-CBrSDip1.js    201.42 kB │ gzip:  48.03 kB
dist/assets/index-gNboUCbz.js            1,427.88 kB │ gzip: 382.94 kB

(!) Some chunks are larger than 500 kB after minification. Consider:
- Using dynamic import() to code-split the application
- Use build.rollupOptions.output.manualChunks to improve chunking: https://rollupjs.org/configuration-options/#output-manualchunks
- Adjust chunk size limit for this warning via build.chunkSizeWarningLimit.
✓ built in 8.04s
Nov 27 15:28:33 hermantest npm[12847]: memory, and will not scale past a single process.
Nov 27 15:28:33 hermantest npm[12847]: /var/www/gestor-financeiro/node_modules/path-to-regexp/src/index.ts:225
Nov 27 15:28:33 hermantest npm[12847]:       throw new PathError(`Missing parameter name at index ${index}`, str);
Nov 27 15:28:33 hermantest npm[12847]:             ^
Nov 27 15:28:33 hermantest npm[12847]: PathError [TypeError]: Missing parameter name at index 2: /*; visit https://git.>
Nov 27 15:28:33 hermantest npm[12847]:     at name (/var/www/gestor-financeiro/node_modules/path-to-regexp/src/index.ts>
Nov 27 15:28:33 hermantest npm[12847]:     at parse (/var/www/gestor-financeiro/node_modules/path-to-regexp/src/index.t>
Nov 27 15:28:33 hermantest npm[12847]:     at pathToRegexp (/var/www/gestor-financeiro/node_modules/path-to-regexp/src/>
Nov 27 15:28:33 hermantest npm[12847]:     at Object.match (/var/www/gestor-financeiro/node_modules/path-to-regexp/src/>
Nov 27 15:28:33 hermantest npm[12847]:     at matcher (/var/www/gestor-financeiro/node_modules/router/lib/layer.js:86:2>
Nov 27 15:28:33 hermantest npm[12847]:     at new Layer (/var/www/gestor-financeiro/node_modules/router/lib/layer.js:93>
Nov 27 15:28:33 hermantest npm[12847]:     at Function.route (/var/www/gestor-financeiro/node_modules/router/index.js:4>
Nov 27 15:28:33 hermantest npm[12847]:     at Function.route (/var/www/gestor-financeiro/node_modules/express/lib/appli>
Nov 27 15:28:33 hermantest npm[12847]:     at app.<computed> [as get] (/var/www/gestor-financeiro/node_modules/express/>
Nov 27 15:28:33 hermantest npm[12847]:     at <anonymous> (/var/www/gestor-financeiro/server/index.ts:50:7) {
Nov 27 15:28:33 hermantest npm[12847]:   originalPath: '/*'
Nov 27 15:28:33 hermantest npm[12847]: }
Nov 27 15:28:33 hermantest npm[12847]: Node.js v20.19.6
Nov 27 15:28:33 hermantest systemd[1]: gestor-financeiro.service: Main process exited, code=exited, status=1/FAILURE
Nov 27 15:28:33 hermantest systemd[1]: gestor-financeiro.service: Failed with result 'exit-code'.